# JRE version: Java(TM) SE Runtime Environment (17.0+35) (build 17+35-LTS-2724)
# Java VM: Java HotSpot(TM) 64-Bit Server VM (17+35-LTS-2724, mixed mode, sharing, tiered, compressed oops, compressed class ptrs, g1 gc, windows-amd64)
GC Precious Log:
 CPUs: 4 total, 4 available
 Memory: 8063M
 Large Page Support: Disabled
 NUMA Support: Disabled
 Compressed Oops: Enabled (32-bit)
 Heap Region Size: 1M
 Heap Min Capacity: 8M
 Heap Initial Capacity: 126M
 Heap Max Capacity: 2016M
 Pre-touch: Disabled
 Parallel Workers: 4
 Concurrent Workers: 1
 Concurrent Refinement Workers: 4
 Periodic GC: Disabled
Heap:
 garbage-first heap   total 65536K, used 31744K [0x0000000082000000, 0x0000000100000000)
  region size 1024K, 9 young (9216K), 1 survivors (1024K)
 Metaspace       used 60597K, committed 60928K, reserved 1105920K
  class space    used 7684K, committed 7872K, reserved 1048576K
GC Heap History (20 events):
Event: 293.611 GC heap before
{Heap before GC invocations=27 (full 0):
 garbage-first heap   total 65536K, used 55274K [0x0000000082000000, 0x0000000100000000)
  region size 1024K, 32 young (32768K), 2 survivors (2048K)
 Metaspace       used 60575K, committed 60928K, reserved 1105920K
  class space    used 7678K, committed 7872K, reserved 1048576K
}
Event: 293.615 GC heap after
{Heap after GC invocations=28 (full 0):
 garbage-first heap   total 65536K, used 24548K [0x0000000082000000, 0x0000000100000000)
  region size 1024K, 2 young (2048K), 2 survivors (2048K)
 Metaspace       used 60575K, committed 60928K, reserved 1105920K
  class space    used 7678K, committed 7872K, reserved 1048576K
}
Event: 296.319 GC heap before
{Heap before GC invocations=28 (full 0):
 garbage-first heap   total 65536K, used 55268K [0x0000000082000000, 0x0000000100000000)
  region size 1024K, 32 young (32768K), 2 survivors (2048K)
 Metaspace       used 60576K, committed 60928K, reserved 1105920K
  class space    used 7679K, committed 7872K, reserved 1048576K
}
Event: 296.323 GC heap after
{Heap after GC invocations=29 (full 0):
 garbage-first heap   total 65536K, used 24549K [0x0000000082000000, 0x0000000100000000)
  region size 1024K, 2 young (2048K), 2 survivors (2048K)
 Metaspace       used 60576K, committed 60928K, reserved 1105920K
  class space    used 7679K, committed 7872K, reserved 1048576K
}
Event: 298.409 GC heap before
{Heap before GC invocations=29 (full 0):
 garbage-first heap   total 65536K, used 55269K [0x0000000082000000, 0x0000000100000000)
  region size 1024K, 32 young (32768K), 2 survivors (2048K)
 Metaspace       used 60579K, committed 60928K, reserved 1105920K
  class space    used 7679K, committed 7872K, reserved 1048576K
}
Event: 298.413 GC heap after
{Heap after GC invocations=30 (full 0):
 garbage-first heap   total 65536K, used 24579K [0x0000000082000000, 0x0000000100000000)
  region size 1024K, 2 young (2048K), 2 survivors (2048K)
 Metaspace       used 60579K, committed 60928K, reserved 1105920K
  class space    used 7679K, committed 7872K, reserved 1048576K
}
Event: 302.828 GC heap before
{Heap before GC invocations=30 (full 0):
 garbage-first heap   total 65536K, used 55299K [0x0000000082000000, 0x0000000100000000)
  region size 1024K, 32 young (32768K), 2 survivors (2048K)
 Metaspace       used 60579K, committed 60928K, reserved 1105920K
  class space    used 7679K, committed 7872K, reserved 1048576K
}
Event: 302.832 GC heap after
{Heap after GC invocations=31 (full 0):
 garbage-first heap   total 65536K, used 24511K [0x0000000082000000, 0x0000000100000000)
  region size 1024K, 2 young (2048K), 2 survivors (2048K)
 Metaspace       used 60579K, committed 60928K, reserved 1105920K
  class space    used 7679K, committed 7872K, reserved 1048576K
}
Event: 307.521 GC heap before
{Heap before GC invocations=31 (full 0):
 garbage-first heap   total 65536K, used 55231K [0x0000000082000000, 0x0000000100000000)
  region size 1024K, 32 young (32768K), 2 survivors (2048K)
 Metaspace       used 60579K, committed 60928K, reserved 1105920K
  class space    used 7679K, committed 7872K, reserved 1048576K
}
Event: 307.525 GC heap after
{Heap after GC invocations=32 (full 0):
 garbage-first heap   total 65536K, used 24578K [0x0000000082000000, 0x0000000100000000)
  region size 1024K, 2 young (2048K), 2 survivors (2048K)
 Metaspace       used 60579K, committed 60928K, reserved 1105920K
  class space    used 7679K, committed 7872K, reserved 1048576K
}
Event: 313.652 GC heap before
{Heap before GC invocations=32 (full 0):
 garbage-first heap   total 65536K, used 55298K [0x0000000082000000, 0x0000000100000000)
  region size 1024K, 32 young (32768K), 2 survivors (2048K)
 Metaspace       used 60581K, committed 60928K, reserved 1105920K
  class space    used 7679K, committed 7872K, reserved 1048576K
}
Event: 313.656 GC heap after
{Heap after GC invocations=33 (full 0):
 garbage-first heap   total 65536K, used 24538K [0x0000000082000000, 0x0000000100000000)
  region size 1024K, 1 young (1024K), 1 survivors (1024K)
 Metaspace       used 60581K, committed 60928K, reserved 1105920K
  class space    used 7679K, committed 7872K, reserved 1048576K
}
Event: 318.692 GC heap before
{Heap before GC invocations=33 (full 0):
 garbage-first heap   total 65536K, used 56282K [0x0000000082000000, 0x0000000100000000)
  region size 1024K, 32 young (32768K), 1 survivors (1024K)
 Metaspace       used 60589K, committed 60928K, reserved 1105920K
  class space    used 7683K, committed 7872K, reserved 1048576K
}
Event: 318.693 GC heap after
{Heap after GC invocations=34 (full 0):
 garbage-first heap   total 65536K, used 24561K [0x0000000082000000, 0x0000000100000000)
  region size 1024K, 1 young (1024K), 1 survivors (1024K)
 Metaspace       used 60589K, committed 60928K, reserved 1105920K
  class space    used 7683K, committed 7872K, reserved 1048576K
}
Event: 322.105 GC heap before
{Heap before GC invocations=34 (full 0):
 garbage-first heap   total 65536K, used 56305K [0x0000000082000000, 0x0000000100000000)
  region size 1024K, 32 young (32768K), 1 survivors (1024K)
 Metaspace       used 60590K, committed 60928K, reserved 1105920K
  class space    used 7683K, committed 7872K, reserved 1048576K
}
Event: 322.107 GC heap after
{Heap after GC invocations=35 (full 0):
 garbage-first heap   total 65536K, used 24568K [0x0000000082000000, 0x0000000100000000)
  region size 1024K, 1 young (1024K), 1 survivors (1024K)
 Metaspace       used 60590K, committed 60928K, reserved 1105920K
  class space    used 7683K, committed 7872K, reserved 1048576K
}
Event: 326.429 GC heap before
{Heap before GC invocations=35 (full 0):
 garbage-first heap   total 65536K, used 56312K [0x0000000082000000, 0x0000000100000000)
  region size 1024K, 32 young (32768K), 1 survivors (1024K)
 Metaspace       used 60596K, committed 60928K, reserved 1105920K
  class space    used 7684K, committed 7872K, reserved 1048576K
}
Event: 326.430 GC heap after
{Heap after GC invocations=36 (full 0):
 garbage-first heap   total 65536K, used 24580K [0x0000000082000000, 0x0000000100000000)
  region size 1024K, 1 young (1024K), 1 survivors (1024K)
 Metaspace       used 60596K, committed 60928K, reserved 1105920K
  class space    used 7684K, committed 7872K, reserved 1048576K
}
Event: 331.593 GC heap before
{Heap before GC invocations=36 (full 0):
 garbage-first heap   total 65536K, used 56324K [0x0000000082000000, 0x0000000100000000)
  region size 1024K, 32 young (32768K), 1 survivors (1024K)
 Metaspace       used 60597K, committed 60928K, reserved 1105920K
  class space    used 7684K, committed 7872K, reserved 1048576K
}
Event: 331.594 GC heap after
{Heap after GC invocations=37 (full 0):
 garbage-first heap   total 65536K, used 24576K [0x0000000082000000, 0x0000000100000000)
  region size 1024K, 1 young (1024K), 1 survivors (1024K)
 Metaspace       used 60597K, committed 60928K, reserved 1105920K
  class space    used 7684K, committed 7872K, reserved 1048576K
}

