# JRE version: Java(TM) SE Runtime Environment (17.0+35) (build 17+35-LTS-2724)
# Java VM: Java HotSpot(TM) 64-Bit Server VM (17+35-LTS-2724, mixed mode, sharing, tiered, compressed oops, compressed class ptrs, g1 gc, windows-amd64)
GC Precious Log:
 CPUs: 4 total, 4 available
 Memory: 8063M
 Large Page Support: Disabled
 NUMA Support: Disabled
 Compressed Oops: Enabled (32-bit)
 Heap Region Size: 1M
 Heap Min Capacity: 8M
 Heap Initial Capacity: 126M
 Heap Max Capacity: 2016M
 Pre-touch: Disabled
 Parallel Workers: 4
 Concurrent Workers: 1
 Concurrent Refinement Workers: 4
 Periodic GC: Disabled
Heap:
 garbage-first heap   total 65536K, used 26225K [0x0000000082000000, 0x0000000100000000)
  region size 1024K, 5 young (5120K), 2 survivors (2048K)
 Metaspace       used 57248K, committed 57600K, reserved 1105920K
  class space    used 7578K, committed 7744K, reserved 1048576K
GC Heap History (20 events):
Event: 6.037 GC heap before
{Heap before GC invocations=7 (full 0):
 garbage-first heap   total 45056K, used 31590K [0x0000000082000000, 0x0000000100000000)
  region size 1024K, 25 young (25600K), 7 survivors (7168K)
 Metaspace       used 25090K, committed 25408K, reserved 1073152K
  class space    used 3145K, committed 3264K, reserved 1048576K
}
Event: 6.046 GC heap after
{Heap after GC invocations=8 (full 0):
 garbage-first heap   total 45056K, used 14462K [0x0000000082000000, 0x0000000100000000)
  region size 1024K, 3 young (3072K), 3 survivors (3072K)
 Metaspace       used 25090K, committed 25408K, reserved 1073152K
  class space    used 3145K, committed 3264K, reserved 1048576K
}
Event: 6.298 GC heap before
{Heap before GC invocations=8 (full 0):
 garbage-first heap   total 45056K, used 31870K [0x0000000082000000, 0x0000000100000000)
  region size 1024K, 21 young (21504K), 3 survivors (3072K)
 Metaspace       used 25919K, committed 26240K, reserved 1073152K
  class space    used 3254K, committed 3392K, reserved 1048576K
}
Event: 6.302 GC heap after
{Heap after GC invocations=9 (full 0):
 garbage-first heap   total 45056K, used 14808K [0x0000000082000000, 0x0000000100000000)
  region size 1024K, 1 young (1024K), 1 survivors (1024K)
 Metaspace       used 25919K, committed 26240K, reserved 1073152K
  class space    used 3254K, committed 3392K, reserved 1048576K
}
Event: 7.068 GC heap before
{Heap before GC invocations=9 (full 0):
 garbage-first heap   total 45056K, used 34264K [0x0000000082000000, 0x0000000100000000)
  region size 1024K, 20 young (20480K), 1 survivors (1024K)
 Metaspace       used 30257K, committed 30528K, reserved 1081344K
  class space    used 3921K, committed 4032K, reserved 1048576K
}
Event: 7.071 GC heap after
{Heap after GC invocations=10 (full 0):
 garbage-first heap   total 107520K, used 15496K [0x0000000082000000, 0x0000000100000000)
  region size 1024K, 2 young (2048K), 2 survivors (2048K)
 Metaspace       used 30257K, committed 30528K, reserved 1081344K
  class space    used 3921K, committed 4032K, reserved 1048576K
}
Event: 7.590 GC heap before
{Heap before GC invocations=10 (full 0):
 garbage-first heap   total 107520K, used 29832K [0x0000000082000000, 0x0000000100000000)
  region size 1024K, 17 young (17408K), 2 survivors (2048K)
 Metaspace       used 35858K, committed 36096K, reserved 1081344K
  class space    used 4665K, committed 4800K, reserved 1048576K
}
Event: 7.596 GC heap after
{Heap after GC invocations=11 (full 0):
 garbage-first heap   total 107520K, used 17435K [0x0000000082000000, 0x0000000100000000)
  region size 1024K, 4 young (4096K), 4 survivors (4096K)
 Metaspace       used 35858K, committed 36096K, reserved 1081344K
  class space    used 4665K, committed 4800K, reserved 1048576K
}
Event: 8.750 GC heap before
{Heap before GC invocations=12 (full 0):
 garbage-first heap   total 65536K, used 52251K [0x0000000082000000, 0x0000000100000000)
  region size 1024K, 38 young (38912K), 4 survivors (4096K)
 Metaspace       used 42501K, committed 42816K, reserved 1089536K
  class space    used 5570K, committed 5696K, reserved 1048576K
}
Event: 8.755 GC heap after
{Heap after GC invocations=13 (full 0):
 garbage-first heap   total 65536K, used 18854K [0x0000000082000000, 0x0000000100000000)
  region size 1024K, 4 young (4096K), 4 survivors (4096K)
 Metaspace       used 42501K, committed 42816K, reserved 1089536K
  class space    used 5570K, committed 5696K, reserved 1048576K
}
Event: 8.786 GC heap before
{Heap before GC invocations=13 (full 0):
 garbage-first heap   total 65536K, used 19878K [0x0000000082000000, 0x0000000100000000)
  region size 1024K, 5 young (5120K), 4 survivors (4096K)
 Metaspace       used 42745K, committed 43072K, reserved 1089536K
  class space    used 5600K, committed 5760K, reserved 1048576K
}
Event: 8.789 GC heap after
{Heap after GC invocations=14 (full 0):
 garbage-first heap   total 65536K, used 18993K [0x0000000082000000, 0x0000000100000000)
  region size 1024K, 1 young (1024K), 1 survivors (1024K)
 Metaspace       used 42745K, committed 43072K, reserved 1089536K
  class space    used 5600K, committed 5760K, reserved 1048576K
}
Event: 10.135 GC heap before
{Heap before GC invocations=14 (full 0):
 garbage-first heap   total 65536K, used 50737K [0x0000000082000000, 0x0000000100000000)
  region size 1024K, 32 young (32768K), 1 survivors (1024K)
 Metaspace       used 49632K, committed 49920K, reserved 1097728K
  class space    used 6634K, committed 6784K, reserved 1048576K
}
Event: 10.139 GC heap after
{Heap after GC invocations=15 (full 0):
 garbage-first heap   total 65536K, used 20559K [0x0000000082000000, 0x0000000100000000)
  region size 1024K, 3 young (3072K), 3 survivors (3072K)
 Metaspace       used 49632K, committed 49920K, reserved 1097728K
  class space    used 6634K, committed 6784K, reserved 1048576K
}
Event: 64.765 GC heap before
{Heap before GC invocations=16 (full 0):
 garbage-first heap   total 65536K, used 51279K [0x0000000082000000, 0x0000000100000000)
  region size 1024K, 33 young (33792K), 3 survivors (3072K)
 Metaspace       used 55021K, committed 55360K, reserved 1097728K
  class space    used 7345K, committed 7488K, reserved 1048576K
}
Event: 64.771 GC heap after
{Heap after GC invocations=17 (full 0):
 garbage-first heap   total 65536K, used 23496K [0x0000000082000000, 0x0000000100000000)
  region size 1024K, 5 young (5120K), 5 survivors (5120K)
 Metaspace       used 55021K, committed 55360K, reserved 1097728K
  class space    used 7345K, committed 7488K, reserved 1048576K
}
Event: 64.824 GC heap before
{Heap before GC invocations=17 (full 0):
 garbage-first heap   total 65536K, used 24520K [0x0000000082000000, 0x0000000100000000)
  region size 1024K, 6 young (6144K), 5 survivors (5120K)
 Metaspace       used 55399K, committed 55744K, reserved 1097728K
  class space    used 7385K, committed 7552K, reserved 1048576K
}
Event: 64.829 GC heap after
{Heap after GC invocations=18 (full 0):
 garbage-first heap   total 65536K, used 23949K [0x0000000082000000, 0x0000000100000000)
  region size 1024K, 1 young (1024K), 1 survivors (1024K)
 Metaspace       used 55399K, committed 55744K, reserved 1097728K
  class space    used 7385K, committed 7552K, reserved 1048576K
}
Event: 3092.280 GC heap before
{Heap before GC invocations=18 (full 0):
 garbage-first heap   total 65536K, used 50573K [0x0000000082000000, 0x0000000100000000)
  region size 1024K, 27 young (27648K), 1 survivors (1024K)
 Metaspace       used 57247K, committed 57600K, reserved 1105920K
  class space    used 7578K, committed 7744K, reserved 1048576K
}
Event: 3092.291 GC heap after
{Heap after GC invocations=19 (full 0):
 garbage-first heap   total 65536K, used 24177K [0x0000000082000000, 0x0000000100000000)
  region size 1024K, 2 young (2048K), 2 survivors (2048K)
 Metaspace       used 57247K, committed 57600K, reserved 1105920K
  class space    used 7578K, committed 7744K, reserved 1048576K
}

